#! /usr/local/Cellar/icarus-verilog/10.0/bin/vvp
:ivl_version "10.0 (stable)" "(v10_0)";
:ivl_delay_selection "TYPICAL";
:vpi_time_precision + 0;
:vpi_module "system";
:vpi_module "vhdl_sys";
:vpi_module "v2005_math";
:vpi_module "va_math";
S_0x7fb154e00ea0 .scope module, "enigma_test" "enigma_test" 2 1;
 .timescale 0 0;
v0x7fb154f012e0_0 .var "bits", 4 0;
v0x7fb154f013d0_0 .var "clk", 0 0;
v0x7fb154f01470_0 .net "out", 4 0, L_0x7fb154e16d40;  1 drivers
v0x7fb154f01540_0 .var "restart", 0 0;
S_0x7fb154e01000 .scope module, "e" "enigma" 2 25, 3 2 0, S_0x7fb154e00ea0;
 .timescale 0 0;
    .port_info 0 /OUTPUT 5 "char_out"
    .port_info 1 /INPUT 5 "char_in"
    .port_info 2 /INPUT 5 "position_1"
    .port_info 3 /INPUT 5 "position_2"
    .port_info 4 /INPUT 5 "position_3"
v0x7fb154f00840_0 .net "char_in", 4 0, v0x7fb154f012e0_0;  1 drivers
v0x7fb154f00910_0 .net "char_out", 4 0, L_0x7fb154e16d40;  alias, 1 drivers
v0x7fb154f009d0_0 .net "out_wheel_I", 4 0, L_0x7fb154e16700;  1 drivers
v0x7fb154f00ac0_0 .net "out_wheel_II", 4 0, L_0x7fb154e17560;  1 drivers
v0x7fb154f00ba0_0 .net "out_wheel_III", 4 0, L_0x7fb154e18860;  1 drivers
v0x7fb154f00cc0_0 .net "out_wheel_III_2", 4 0, L_0x7fb154e18e20;  1 drivers
v0x7fb154f00d90_0 .net "out_wheel_II_2", 4 0, L_0x7fb154e17b20;  1 drivers
L_0x10b469890 .functor BUFT 1, C4<00000>, C4<0>, C4<0>, C4<0>;
v0x7fb154f00e60_0 .net "position_1", 4 0, L_0x10b469890;  1 drivers
L_0x10b4698d8 .functor BUFT 1, C4<00000>, C4<0>, C4<0>, C4<0>;
v0x7fb154f00ef0_0 .net "position_2", 4 0, L_0x10b4698d8;  1 drivers
L_0x10b469920 .functor BUFT 1, C4<00000>, C4<0>, C4<0>, C4<0>;
v0x7fb154f01000_0 .net "position_3", 4 0, L_0x10b469920;  1 drivers
v0x7fb154f010b0 .array "positions", 0 2, 4 0;
v0x7fb154f011d0_0 .net "reflector_out", 4 0, L_0x7fb154e19270;  1 drivers
E_0x7fb154e00c10 .event posedge, v0x7fb154e128c0_0;
S_0x7fb154e011e0 .scope module, "reflect" "reflector" 3 16, 3 32 0, S_0x7fb154e01000;
 .timescale 0 0;
    .port_info 0 /OUTPUT 5 "char_out"
    .port_info 1 /INPUT 5 "char_in"
L_0x7fb154e19270 .functor BUFZ 5, L_0x7fb154e18fd0, C4<00000>, C4<00000>, C4<00000>;
v0x7fb154e013e0_0 .net *"_s78", 4 0, L_0x7fb154e18fd0;  1 drivers
v0x7fb154e114a0_0 .net *"_s80", 5 0, L_0x7fb154e190b0;  1 drivers
L_0x10b469848 .functor BUFT 1, C4<0>, C4<0>, C4<0>, C4<0>;
v0x7fb154e11540_0 .net *"_s83", 0 0, L_0x10b469848;  1 drivers
v0x7fb154e115f0_0 .net "char_in", 4 0, L_0x7fb154e18860;  alias, 1 drivers
v0x7fb154e116a0_0 .net "char_out", 4 0, L_0x7fb154e19270;  alias, 1 drivers
L_0x10b4690f8 .functor BUFT 1, C4<11000>, C4<0>, C4<0>, C4<0>;
v0x7fb154e11790 .array "out", 0 25;
v0x7fb154e11790_0 .net v0x7fb154e11790 0, 4 0, L_0x10b4690f8; 1 drivers
L_0x10b469140 .functor BUFT 1, C4<10001>, C4<0>, C4<0>, C4<0>;
v0x7fb154e11790_1 .net v0x7fb154e11790 1, 4 0, L_0x10b469140; 1 drivers
L_0x10b469188 .functor BUFT 1, C4<10100>, C4<0>, C4<0>, C4<0>;
v0x7fb154e11790_2 .net v0x7fb154e11790 2, 4 0, L_0x10b469188; 1 drivers
L_0x10b4691d0 .functor BUFT 1, C4<00111>, C4<0>, C4<0>, C4<0>;
v0x7fb154e11790_3 .net v0x7fb154e11790 3, 4 0, L_0x10b4691d0; 1 drivers
L_0x10b469218 .functor BUFT 1, C4<10000>, C4<0>, C4<0>, C4<0>;
v0x7fb154e11790_4 .net v0x7fb154e11790 4, 4 0, L_0x10b469218; 1 drivers
L_0x10b469260 .functor BUFT 1, C4<10010>, C4<0>, C4<0>, C4<0>;
v0x7fb154e11790_5 .net v0x7fb154e11790 5, 4 0, L_0x10b469260; 1 drivers
L_0x10b4692a8 .functor BUFT 1, C4<01011>, C4<0>, C4<0>, C4<0>;
v0x7fb154e11790_6 .net v0x7fb154e11790 6, 4 0, L_0x10b4692a8; 1 drivers
L_0x10b4692f0 .functor BUFT 1, C4<00011>, C4<0>, C4<0>, C4<0>;
v0x7fb154e11790_7 .net v0x7fb154e11790 7, 4 0, L_0x10b4692f0; 1 drivers
L_0x10b469338 .functor BUFT 1, C4<01111>, C4<0>, C4<0>, C4<0>;
v0x7fb154e11790_8 .net v0x7fb154e11790 8, 4 0, L_0x10b469338; 1 drivers
L_0x10b469380 .functor BUFT 1, C4<10111>, C4<0>, C4<0>, C4<0>;
v0x7fb154e11790_9 .net v0x7fb154e11790 9, 4 0, L_0x10b469380; 1 drivers
L_0x10b4693c8 .functor BUFT 1, C4<01101>, C4<0>, C4<0>, C4<0>;
v0x7fb154e11790_10 .net v0x7fb154e11790 10, 4 0, L_0x10b4693c8; 1 drivers
L_0x10b469410 .functor BUFT 1, C4<00110>, C4<0>, C4<0>, C4<0>;
v0x7fb154e11790_11 .net v0x7fb154e11790 11, 4 0, L_0x10b469410; 1 drivers
L_0x10b469458 .functor BUFT 1, C4<01110>, C4<0>, C4<0>, C4<0>;
v0x7fb154e11790_12 .net v0x7fb154e11790 12, 4 0, L_0x10b469458; 1 drivers
L_0x10b4694a0 .functor BUFT 1, C4<01010>, C4<0>, C4<0>, C4<0>;
v0x7fb154e11790_13 .net v0x7fb154e11790 13, 4 0, L_0x10b4694a0; 1 drivers
L_0x10b4694e8 .functor BUFT 1, C4<01100>, C4<0>, C4<0>, C4<0>;
v0x7fb154e11790_14 .net v0x7fb154e11790 14, 4 0, L_0x10b4694e8; 1 drivers
L_0x10b469530 .functor BUFT 1, C4<01000>, C4<0>, C4<0>, C4<0>;
v0x7fb154e11790_15 .net v0x7fb154e11790 15, 4 0, L_0x10b469530; 1 drivers
L_0x10b469578 .functor BUFT 1, C4<00100>, C4<0>, C4<0>, C4<0>;
v0x7fb154e11790_16 .net v0x7fb154e11790 16, 4 0, L_0x10b469578; 1 drivers
L_0x10b4695c0 .functor BUFT 1, C4<00001>, C4<0>, C4<0>, C4<0>;
v0x7fb154e11790_17 .net v0x7fb154e11790 17, 4 0, L_0x10b4695c0; 1 drivers
L_0x10b469608 .functor BUFT 1, C4<00101>, C4<0>, C4<0>, C4<0>;
v0x7fb154e11790_18 .net v0x7fb154e11790 18, 4 0, L_0x10b469608; 1 drivers
L_0x10b469650 .functor BUFT 1, C4<11001>, C4<0>, C4<0>, C4<0>;
v0x7fb154e11790_19 .net v0x7fb154e11790 19, 4 0, L_0x10b469650; 1 drivers
L_0x10b469698 .functor BUFT 1, C4<00010>, C4<0>, C4<0>, C4<0>;
v0x7fb154e11790_20 .net v0x7fb154e11790 20, 4 0, L_0x10b469698; 1 drivers
L_0x10b4696e0 .functor BUFT 1, C4<10110>, C4<0>, C4<0>, C4<0>;
v0x7fb154e11790_21 .net v0x7fb154e11790 21, 4 0, L_0x10b4696e0; 1 drivers
L_0x10b469728 .functor BUFT 1, C4<10101>, C4<0>, C4<0>, C4<0>;
v0x7fb154e11790_22 .net v0x7fb154e11790 22, 4 0, L_0x10b469728; 1 drivers
L_0x10b469770 .functor BUFT 1, C4<01001>, C4<0>, C4<0>, C4<0>;
v0x7fb154e11790_23 .net v0x7fb154e11790 23, 4 0, L_0x10b469770; 1 drivers
L_0x10b4697b8 .functor BUFT 1, C4<00000>, C4<0>, C4<0>, C4<0>;
v0x7fb154e11790_24 .net v0x7fb154e11790 24, 4 0, L_0x10b4697b8; 1 drivers
L_0x10b469800 .functor BUFT 1, C4<10011>, C4<0>, C4<0>, C4<0>;
v0x7fb154e11790_25 .net v0x7fb154e11790 25, 4 0, L_0x10b469800; 1 drivers
L_0x7fb154e18fd0 .array/port v0x7fb154e11790, L_0x7fb154e190b0;
L_0x7fb154e190b0 .concat [ 5 1 0 0], L_0x7fb154e18860, L_0x10b469848;
S_0x7fb154e11ad0 .scope module, "wheel_I" "wheel_type_I" 3 13, 3 74 0, S_0x7fb154e01000;
 .timescale 0 0;
    .port_info 0 /OUTPUT 5 "char_out1"
    .port_info 1 /OUTPUT 5 "char_out2"
    .port_info 2 /INPUT 5 "char_in1"
    .port_info 3 /INPUT 5 "char_in2"
    .port_info 4 /INPUT 5 "position_in"
L_0x7fb154e16700 .functor BUFZ 5, L_0x7fb154e16040, C4<00000>, C4<00000>, C4<00000>;
L_0x7fb154e16d40 .functor BUFZ 5, L_0x7fb154e167b0, C4<00000>, C4<00000>, C4<00000>;
v0x7fb154e11d30_0 .net *"_s156", 4 0, L_0x7fb154e16040;  1 drivers
v0x7fb154e11dc0_0 .net *"_s158", 31 0, L_0x7fb154e16120;  1 drivers
L_0x10b466ea8 .functor BUFT 1, C4<000000000000000000000000000>, C4<0>, C4<0>, C4<0>;
v0x7fb154e11e70_0 .net *"_s161", 26 0, L_0x10b466ea8;  1 drivers
v0x7fb154e11f30_0 .net *"_s162", 31 0, L_0x7fb154e16280;  1 drivers
L_0x10b466ef0 .functor BUFT 1, C4<000000000000000000000000000>, C4<0>, C4<0>, C4<0>;
v0x7fb154e11fe0_0 .net *"_s165", 26 0, L_0x10b466ef0;  1 drivers
v0x7fb154e120d0_0 .net *"_s166", 31 0, L_0x7fb154e16400;  1 drivers
L_0x10b466f38 .functor BUFT 1, C4<00000000000000000000000000011010>, C4<0>, C4<0>, C4<0>;
v0x7fb154e12180_0 .net/2u *"_s168", 31 0, L_0x10b466f38;  1 drivers
v0x7fb154e12230_0 .net *"_s170", 31 0, L_0x7fb154e16570;  1 drivers
v0x7fb154e122e0_0 .net *"_s174", 4 0, L_0x7fb154e167b0;  1 drivers
v0x7fb154e123f0_0 .net *"_s176", 31 0, L_0x7fb154e16850;  1 drivers
L_0x10b466f80 .functor BUFT 1, C4<000000000000000000000000000>, C4<0>, C4<0>, C4<0>;
v0x7fb154e124a0_0 .net *"_s179", 26 0, L_0x10b466f80;  1 drivers
v0x7fb154e12550_0 .net *"_s180", 31 0, L_0x7fb154e169b0;  1 drivers
L_0x10b466fc8 .functor BUFT 1, C4<000000000000000000000000000>, C4<0>, C4<0>, C4<0>;
v0x7fb154e12600_0 .net *"_s183", 26 0, L_0x10b466fc8;  1 drivers
v0x7fb154e126b0_0 .net *"_s184", 31 0, L_0x7fb154e16a90;  1 drivers
L_0x10b467010 .functor BUFT 1, C4<00000000000000000000000000011010>, C4<0>, C4<0>, C4<0>;
v0x7fb154e12760_0 .net/2u *"_s186", 31 0, L_0x10b467010;  1 drivers
v0x7fb154e12810_0 .net *"_s188", 31 0, L_0x7fb154e16c20;  1 drivers
v0x7fb154e128c0_0 .net "char_in1", 4 0, v0x7fb154f012e0_0;  alias, 1 drivers
v0x7fb154e12a50_0 .net "char_in2", 4 0, L_0x7fb154e17b20;  alias, 1 drivers
v0x7fb154e12ae0_0 .net "char_out1", 4 0, L_0x7fb154e16700;  alias, 1 drivers
v0x7fb154e12b90_0 .net "char_out2", 4 0, L_0x7fb154e16d40;  alias, 1 drivers
L_0x10b466008 .functor BUFT 1, C4<00100>, C4<0>, C4<0>, C4<0>;
v0x7fb154e12c40 .array "out", 0 25;
v0x7fb154e12c40_0 .net v0x7fb154e12c40 0, 4 0, L_0x10b466008; 1 drivers
L_0x10b466050 .functor BUFT 1, C4<01010>, C4<0>, C4<0>, C4<0>;
v0x7fb154e12c40_1 .net v0x7fb154e12c40 1, 4 0, L_0x10b466050; 1 drivers
L_0x10b466098 .functor BUFT 1, C4<01100>, C4<0>, C4<0>, C4<0>;
v0x7fb154e12c40_2 .net v0x7fb154e12c40 2, 4 0, L_0x10b466098; 1 drivers
L_0x10b4660e0 .functor BUFT 1, C4<00101>, C4<0>, C4<0>, C4<0>;
v0x7fb154e12c40_3 .net v0x7fb154e12c40 3, 4 0, L_0x10b4660e0; 1 drivers
L_0x10b466128 .functor BUFT 1, C4<01011>, C4<0>, C4<0>, C4<0>;
v0x7fb154e12c40_4 .net v0x7fb154e12c40 4, 4 0, L_0x10b466128; 1 drivers
L_0x10b466170 .functor BUFT 1, C4<00110>, C4<0>, C4<0>, C4<0>;
v0x7fb154e12c40_5 .net v0x7fb154e12c40 5, 4 0, L_0x10b466170; 1 drivers
L_0x10b4661b8 .functor BUFT 1, C4<00011>, C4<0>, C4<0>, C4<0>;
v0x7fb154e12c40_6 .net v0x7fb154e12c40 6, 4 0, L_0x10b4661b8; 1 drivers
L_0x10b466200 .functor BUFT 1, C4<10000>, C4<0>, C4<0>, C4<0>;
v0x7fb154e12c40_7 .net v0x7fb154e12c40 7, 4 0, L_0x10b466200; 1 drivers
L_0x10b466248 .functor BUFT 1, C4<10101>, C4<0>, C4<0>, C4<0>;
v0x7fb154e12c40_8 .net v0x7fb154e12c40 8, 4 0, L_0x10b466248; 1 drivers
L_0x10b466290 .functor BUFT 1, C4<11001>, C4<0>, C4<0>, C4<0>;
v0x7fb154e12c40_9 .net v0x7fb154e12c40 9, 4 0, L_0x10b466290; 1 drivers
L_0x10b4662d8 .functor BUFT 1, C4<01101>, C4<0>, C4<0>, C4<0>;
v0x7fb154e12c40_10 .net v0x7fb154e12c40 10, 4 0, L_0x10b4662d8; 1 drivers
L_0x10b466320 .functor BUFT 1, C4<10011>, C4<0>, C4<0>, C4<0>;
v0x7fb154e12c40_11 .net v0x7fb154e12c40 11, 4 0, L_0x10b466320; 1 drivers
L_0x10b466368 .functor BUFT 1, C4<01110>, C4<0>, C4<0>, C4<0>;
v0x7fb154e12c40_12 .net v0x7fb154e12c40 12, 4 0, L_0x10b466368; 1 drivers
L_0x10b4663b0 .functor BUFT 1, C4<10110>, C4<0>, C4<0>, C4<0>;
v0x7fb154e12c40_13 .net v0x7fb154e12c40 13, 4 0, L_0x10b4663b0; 1 drivers
L_0x10b4663f8 .functor BUFT 1, C4<11000>, C4<0>, C4<0>, C4<0>;
v0x7fb154e12c40_14 .net v0x7fb154e12c40 14, 4 0, L_0x10b4663f8; 1 drivers
L_0x10b466440 .functor BUFT 1, C4<00111>, C4<0>, C4<0>, C4<0>;
v0x7fb154e12c40_15 .net v0x7fb154e12c40 15, 4 0, L_0x10b466440; 1 drivers
L_0x10b466488 .functor BUFT 1, C4<10111>, C4<0>, C4<0>, C4<0>;
v0x7fb154e12c40_16 .net v0x7fb154e12c40 16, 4 0, L_0x10b466488; 1 drivers
L_0x10b4664d0 .functor BUFT 1, C4<10100>, C4<0>, C4<0>, C4<0>;
v0x7fb154e12c40_17 .net v0x7fb154e12c40 17, 4 0, L_0x10b4664d0; 1 drivers
L_0x10b466518 .functor BUFT 1, C4<10010>, C4<0>, C4<0>, C4<0>;
v0x7fb154e12c40_18 .net v0x7fb154e12c40 18, 4 0, L_0x10b466518; 1 drivers
L_0x10b466560 .functor BUFT 1, C4<01111>, C4<0>, C4<0>, C4<0>;
v0x7fb154e12c40_19 .net v0x7fb154e12c40 19, 4 0, L_0x10b466560; 1 drivers
L_0x10b4665a8 .functor BUFT 1, C4<00000>, C4<0>, C4<0>, C4<0>;
v0x7fb154e12c40_20 .net v0x7fb154e12c40 20, 4 0, L_0x10b4665a8; 1 drivers
L_0x10b4665f0 .functor BUFT 1, C4<01000>, C4<0>, C4<0>, C4<0>;
v0x7fb154e12c40_21 .net v0x7fb154e12c40 21, 4 0, L_0x10b4665f0; 1 drivers
L_0x10b466638 .functor BUFT 1, C4<00001>, C4<0>, C4<0>, C4<0>;
v0x7fb154e12c40_22 .net v0x7fb154e12c40 22, 4 0, L_0x10b466638; 1 drivers
L_0x10b466680 .functor BUFT 1, C4<10001>, C4<0>, C4<0>, C4<0>;
v0x7fb154e12c40_23 .net v0x7fb154e12c40 23, 4 0, L_0x10b466680; 1 drivers
L_0x10b4666c8 .functor BUFT 1, C4<00010>, C4<0>, C4<0>, C4<0>;
v0x7fb154e12c40_24 .net v0x7fb154e12c40 24, 4 0, L_0x10b4666c8; 1 drivers
L_0x10b466710 .functor BUFT 1, C4<01001>, C4<0>, C4<0>, C4<0>;
v0x7fb154e12c40_25 .net v0x7fb154e12c40 25, 4 0, L_0x10b466710; 1 drivers
v0x7fb154f010b0_0 .array/port v0x7fb154f010b0, 0;
v0x7fb154e12f50_0 .net "position_in", 4 0, v0x7fb154f010b0_0;  1 drivers
L_0x10b466758 .functor BUFT 1, C4<10100>, C4<0>, C4<0>, C4<0>;
v0x7fb154e13000 .array "reverse", 0 25;
v0x7fb154e13000_0 .net v0x7fb154e13000 0, 4 0, L_0x10b466758; 1 drivers
L_0x10b4667a0 .functor BUFT 1, C4<10110>, C4<0>, C4<0>, C4<0>;
v0x7fb154e13000_1 .net v0x7fb154e13000 1, 4 0, L_0x10b4667a0; 1 drivers
L_0x10b4667e8 .functor BUFT 1, C4<11000>, C4<0>, C4<0>, C4<0>;
v0x7fb154e13000_2 .net v0x7fb154e13000 2, 4 0, L_0x10b4667e8; 1 drivers
L_0x10b466830 .functor BUFT 1, C4<00110>, C4<0>, C4<0>, C4<0>;
v0x7fb154e13000_3 .net v0x7fb154e13000 3, 4 0, L_0x10b466830; 1 drivers
L_0x10b466878 .functor BUFT 1, C4<00000>, C4<0>, C4<0>, C4<0>;
v0x7fb154e13000_4 .net v0x7fb154e13000 4, 4 0, L_0x10b466878; 1 drivers
L_0x10b4668c0 .functor BUFT 1, C4<00011>, C4<0>, C4<0>, C4<0>;
v0x7fb154e13000_5 .net v0x7fb154e13000 5, 4 0, L_0x10b4668c0; 1 drivers
L_0x10b466908 .functor BUFT 1, C4<00101>, C4<0>, C4<0>, C4<0>;
v0x7fb154e13000_6 .net v0x7fb154e13000 6, 4 0, L_0x10b466908; 1 drivers
L_0x10b466950 .functor BUFT 1, C4<01111>, C4<0>, C4<0>, C4<0>;
v0x7fb154e13000_7 .net v0x7fb154e13000 7, 4 0, L_0x10b466950; 1 drivers
L_0x10b466998 .functor BUFT 1, C4<10101>, C4<0>, C4<0>, C4<0>;
v0x7fb154e13000_8 .net v0x7fb154e13000 8, 4 0, L_0x10b466998; 1 drivers
L_0x10b4669e0 .functor BUFT 1, C4<11001>, C4<0>, C4<0>, C4<0>;
v0x7fb154e13000_9 .net v0x7fb154e13000 9, 4 0, L_0x10b4669e0; 1 drivers
L_0x10b466a28 .functor BUFT 1, C4<00001>, C4<0>, C4<0>, C4<0>;
v0x7fb154e13000_10 .net v0x7fb154e13000 10, 4 0, L_0x10b466a28; 1 drivers
L_0x10b466a70 .functor BUFT 1, C4<00100>, C4<0>, C4<0>, C4<0>;
v0x7fb154e13000_11 .net v0x7fb154e13000 11, 4 0, L_0x10b466a70; 1 drivers
L_0x10b466ab8 .functor BUFT 1, C4<00010>, C4<0>, C4<0>, C4<0>;
v0x7fb154e13000_12 .net v0x7fb154e13000 12, 4 0, L_0x10b466ab8; 1 drivers
L_0x10b466b00 .functor BUFT 1, C4<01010>, C4<0>, C4<0>, C4<0>;
v0x7fb154e13000_13 .net v0x7fb154e13000 13, 4 0, L_0x10b466b00; 1 drivers
L_0x10b466b48 .functor BUFT 1, C4<01100>, C4<0>, C4<0>, C4<0>;
v0x7fb154e13000_14 .net v0x7fb154e13000 14, 4 0, L_0x10b466b48; 1 drivers
L_0x10b466b90 .functor BUFT 1, C4<10011>, C4<0>, C4<0>, C4<0>;
v0x7fb154e13000_15 .net v0x7fb154e13000 15, 4 0, L_0x10b466b90; 1 drivers
L_0x10b466bd8 .functor BUFT 1, C4<00111>, C4<0>, C4<0>, C4<0>;
v0x7fb154e13000_16 .net v0x7fb154e13000 16, 4 0, L_0x10b466bd8; 1 drivers
L_0x10b466c20 .functor BUFT 1, C4<10111>, C4<0>, C4<0>, C4<0>;
v0x7fb154e13000_17 .net v0x7fb154e13000 17, 4 0, L_0x10b466c20; 1 drivers
L_0x10b466c68 .functor BUFT 1, C4<10010>, C4<0>, C4<0>, C4<0>;
v0x7fb154e13000_18 .net v0x7fb154e13000 18, 4 0, L_0x10b466c68; 1 drivers
L_0x10b466cb0 .functor BUFT 1, C4<01011>, C4<0>, C4<0>, C4<0>;
v0x7fb154e13000_19 .net v0x7fb154e13000 19, 4 0, L_0x10b466cb0; 1 drivers
L_0x10b466cf8 .functor BUFT 1, C4<10001>, C4<0>, C4<0>, C4<0>;
v0x7fb154e13000_20 .net v0x7fb154e13000 20, 4 0, L_0x10b466cf8; 1 drivers
L_0x10b466d40 .functor BUFT 1, C4<01000>, C4<0>, C4<0>, C4<0>;
v0x7fb154e13000_21 .net v0x7fb154e13000 21, 4 0, L_0x10b466d40; 1 drivers
L_0x10b466d88 .functor BUFT 1, C4<01101>, C4<0>, C4<0>, C4<0>;
v0x7fb154e13000_22 .net v0x7fb154e13000 22, 4 0, L_0x10b466d88; 1 drivers
L_0x10b466dd0 .functor BUFT 1, C4<10000>, C4<0>, C4<0>, C4<0>;
v0x7fb154e13000_23 .net v0x7fb154e13000 23, 4 0, L_0x10b466dd0; 1 drivers
L_0x10b466e18 .functor BUFT 1, C4<01110>, C4<0>, C4<0>, C4<0>;
v0x7fb154e13000_24 .net v0x7fb154e13000 24, 4 0, L_0x10b466e18; 1 drivers
L_0x10b466e60 .functor BUFT 1, C4<01001>, C4<0>, C4<0>, C4<0>;
v0x7fb154e13000_25 .net v0x7fb154e13000 25, 4 0, L_0x10b466e60; 1 drivers
L_0x7fb154e16040 .array/port v0x7fb154e12c40, L_0x7fb154e16570;
L_0x7fb154e16120 .concat [ 5 27 0 0], v0x7fb154f012e0_0, L_0x10b466ea8;
L_0x7fb154e16280 .concat [ 5 27 0 0], v0x7fb154f010b0_0, L_0x10b466ef0;
L_0x7fb154e16400 .arith/sum 32, L_0x7fb154e16120, L_0x7fb154e16280;
L_0x7fb154e16570 .arith/mod 32, L_0x7fb154e16400, L_0x10b466f38;
L_0x7fb154e167b0 .array/port v0x7fb154e13000, L_0x7fb154e16c20;
L_0x7fb154e16850 .concat [ 5 27 0 0], v0x7fb154f012e0_0, L_0x10b466f80;
L_0x7fb154e169b0 .concat [ 5 27 0 0], v0x7fb154f010b0_0, L_0x10b466fc8;
L_0x7fb154e16a90 .arith/sub 32, L_0x7fb154e16850, L_0x7fb154e169b0;
L_0x7fb154e16c20 .arith/mod 32, L_0x7fb154e16a90, L_0x10b467010;
S_0x7fb154e13390 .scope module, "wheel_II" "wheel_type_II" 3 14, 3 146 0, S_0x7fb154e01000;
 .timescale 0 0;
    .port_info 0 /OUTPUT 5 "char_out1"
    .port_info 1 /OUTPUT 5 "char_out2"
    .port_info 2 /INPUT 5 "char_in1"
    .port_info 3 /INPUT 5 "char_in2"
    .port_info 4 /INPUT 5 "position_in"
L_0x7fb154e17560 .functor BUFZ 5, L_0x7fb154e16e70, C4<00000>, C4<00000>, C4<00000>;
L_0x7fb154e17b20 .functor BUFZ 5, L_0x7fb154e17610, C4<00000>, C4<00000>, C4<00000>;
v0x7fb154e13570_0 .net *"_s156", 4 0, L_0x7fb154e16e70;  1 drivers
v0x7fb154e13610_0 .net *"_s158", 31 0, L_0x7fb154e16f50;  1 drivers
L_0x10b467ef8 .functor BUFT 1, C4<000000000000000000000000000>, C4<0>, C4<0>, C4<0>;
v0x7fb154e136c0_0 .net *"_s161", 26 0, L_0x10b467ef8;  1 drivers
v0x7fb154e13780_0 .net *"_s162", 31 0, L_0x7fb154e17110;  1 drivers
L_0x10b467f40 .functor BUFT 1, C4<000000000000000000000000000>, C4<0>, C4<0>, C4<0>;
v0x7fb154e13830_0 .net *"_s165", 26 0, L_0x10b467f40;  1 drivers
v0x7fb154e13920_0 .net *"_s166", 31 0, L_0x7fb154e17290;  1 drivers
L_0x10b467f88 .functor BUFT 1, C4<00000000000000000000000000011010>, C4<0>, C4<0>, C4<0>;
v0x7fb154e139d0_0 .net/2u *"_s168", 31 0, L_0x10b467f88;  1 drivers
v0x7fb154e13a80_0 .net *"_s170", 31 0, L_0x7fb154e173d0;  1 drivers
v0x7fb154e13b30_0 .net *"_s174", 4 0, L_0x7fb154e17610;  1 drivers
v0x7fb154e13c40_0 .net *"_s176", 31 0, L_0x7fb154e176b0;  1 drivers
L_0x10b467fd0 .functor BUFT 1, C4<000000000000000000000000000>, C4<0>, C4<0>, C4<0>;
v0x7fb154e13cf0_0 .net *"_s179", 26 0, L_0x10b467fd0;  1 drivers
v0x7fb154e13da0_0 .net *"_s180", 31 0, L_0x7fb154e17790;  1 drivers
L_0x10b468018 .functor BUFT 1, C4<000000000000000000000000000>, C4<0>, C4<0>, C4<0>;
v0x7fb154e13e50_0 .net *"_s183", 26 0, L_0x10b468018;  1 drivers
v0x7fb154e13f00_0 .net *"_s184", 31 0, L_0x7fb154e17870;  1 drivers
L_0x10b468060 .functor BUFT 1, C4<00000000000000000000000000011010>, C4<0>, C4<0>, C4<0>;
v0x7fb154e13fb0_0 .net/2u *"_s186", 31 0, L_0x10b468060;  1 drivers
v0x7fb154e14060_0 .net *"_s188", 31 0, L_0x7fb154e17a00;  1 drivers
v0x7fb154e14110_0 .net "char_in1", 4 0, L_0x7fb154e16700;  alias, 1 drivers
v0x7fb154e142a0_0 .net "char_in2", 4 0, L_0x7fb154e18e20;  alias, 1 drivers
v0x7fb154e14330_0 .net "char_out1", 4 0, L_0x7fb154e17560;  alias, 1 drivers
v0x7fb154e143c0_0 .net "char_out2", 4 0, L_0x7fb154e17b20;  alias, 1 drivers
L_0x10b467058 .functor BUFT 1, C4<00000>, C4<0>, C4<0>, C4<0>;
v0x7fb154e14450 .array "out", 0 25;
v0x7fb154e14450_0 .net v0x7fb154e14450 0, 4 0, L_0x10b467058; 1 drivers
L_0x10b4670a0 .functor BUFT 1, C4<01001>, C4<0>, C4<0>, C4<0>;
v0x7fb154e14450_1 .net v0x7fb154e14450 1, 4 0, L_0x10b4670a0; 1 drivers
L_0x10b4670e8 .functor BUFT 1, C4<00011>, C4<0>, C4<0>, C4<0>;
v0x7fb154e14450_2 .net v0x7fb154e14450 2, 4 0, L_0x10b4670e8; 1 drivers
L_0x10b467130 .functor BUFT 1, C4<01010>, C4<0>, C4<0>, C4<0>;
v0x7fb154e14450_3 .net v0x7fb154e14450 3, 4 0, L_0x10b467130; 1 drivers
L_0x10b467178 .functor BUFT 1, C4<10010>, C4<0>, C4<0>, C4<0>;
v0x7fb154e14450_4 .net v0x7fb154e14450 4, 4 0, L_0x10b467178; 1 drivers
L_0x10b4671c0 .functor BUFT 1, C4<01000>, C4<0>, C4<0>, C4<0>;
v0x7fb154e14450_5 .net v0x7fb154e14450 5, 4 0, L_0x10b4671c0; 1 drivers
L_0x10b467208 .functor BUFT 1, C4<10001>, C4<0>, C4<0>, C4<0>;
v0x7fb154e14450_6 .net v0x7fb154e14450 6, 4 0, L_0x10b467208; 1 drivers
L_0x10b467250 .functor BUFT 1, C4<10100>, C4<0>, C4<0>, C4<0>;
v0x7fb154e14450_7 .net v0x7fb154e14450 7, 4 0, L_0x10b467250; 1 drivers
L_0x10b467298 .functor BUFT 1, C4<10111>, C4<0>, C4<0>, C4<0>;
v0x7fb154e14450_8 .net v0x7fb154e14450 8, 4 0, L_0x10b467298; 1 drivers
L_0x10b4672e0 .functor BUFT 1, C4<00001>, C4<0>, C4<0>, C4<0>;
v0x7fb154e14450_9 .net v0x7fb154e14450 9, 4 0, L_0x10b4672e0; 1 drivers
L_0x10b467328 .functor BUFT 1, C4<01011>, C4<0>, C4<0>, C4<0>;
v0x7fb154e14450_10 .net v0x7fb154e14450 10, 4 0, L_0x10b467328; 1 drivers
L_0x10b467370 .functor BUFT 1, C4<00111>, C4<0>, C4<0>, C4<0>;
v0x7fb154e14450_11 .net v0x7fb154e14450 11, 4 0, L_0x10b467370; 1 drivers
L_0x10b4673b8 .functor BUFT 1, C4<10110>, C4<0>, C4<0>, C4<0>;
v0x7fb154e14450_12 .net v0x7fb154e14450 12, 4 0, L_0x10b4673b8; 1 drivers
L_0x10b467400 .functor BUFT 1, C4<10011>, C4<0>, C4<0>, C4<0>;
v0x7fb154e14450_13 .net v0x7fb154e14450 13, 4 0, L_0x10b467400; 1 drivers
L_0x10b467448 .functor BUFT 1, C4<01100>, C4<0>, C4<0>, C4<0>;
v0x7fb154e14450_14 .net v0x7fb154e14450 14, 4 0, L_0x10b467448; 1 drivers
L_0x10b467490 .functor BUFT 1, C4<00010>, C4<0>, C4<0>, C4<0>;
v0x7fb154e14450_15 .net v0x7fb154e14450 15, 4 0, L_0x10b467490; 1 drivers
L_0x10b4674d8 .functor BUFT 1, C4<10000>, C4<0>, C4<0>, C4<0>;
v0x7fb154e14450_16 .net v0x7fb154e14450 16, 4 0, L_0x10b4674d8; 1 drivers
L_0x10b467520 .functor BUFT 1, C4<00110>, C4<0>, C4<0>, C4<0>;
v0x7fb154e14450_17 .net v0x7fb154e14450 17, 4 0, L_0x10b467520; 1 drivers
L_0x10b467568 .functor BUFT 1, C4<11001>, C4<0>, C4<0>, C4<0>;
v0x7fb154e14450_18 .net v0x7fb154e14450 18, 4 0, L_0x10b467568; 1 drivers
L_0x10b4675b0 .functor BUFT 1, C4<01101>, C4<0>, C4<0>, C4<0>;
v0x7fb154e14450_19 .net v0x7fb154e14450 19, 4 0, L_0x10b4675b0; 1 drivers
L_0x10b4675f8 .functor BUFT 1, C4<01111>, C4<0>, C4<0>, C4<0>;
v0x7fb154e14450_20 .net v0x7fb154e14450 20, 4 0, L_0x10b4675f8; 1 drivers
L_0x10b467640 .functor BUFT 1, C4<11000>, C4<0>, C4<0>, C4<0>;
v0x7fb154e14450_21 .net v0x7fb154e14450 21, 4 0, L_0x10b467640; 1 drivers
L_0x10b467688 .functor BUFT 1, C4<00101>, C4<0>, C4<0>, C4<0>;
v0x7fb154e14450_22 .net v0x7fb154e14450 22, 4 0, L_0x10b467688; 1 drivers
L_0x10b4676d0 .functor BUFT 1, C4<10101>, C4<0>, C4<0>, C4<0>;
v0x7fb154e14450_23 .net v0x7fb154e14450 23, 4 0, L_0x10b4676d0; 1 drivers
L_0x10b467718 .functor BUFT 1, C4<01110>, C4<0>, C4<0>, C4<0>;
v0x7fb154e14450_24 .net v0x7fb154e14450 24, 4 0, L_0x10b467718; 1 drivers
L_0x10b467760 .functor BUFT 1, C4<00100>, C4<0>, C4<0>, C4<0>;
v0x7fb154e14450_25 .net v0x7fb154e14450 25, 4 0, L_0x10b467760; 1 drivers
v0x7fb154f010b0_1 .array/port v0x7fb154f010b0, 1;
v0x7fb154e14720_0 .net "position_in", 4 0, v0x7fb154f010b0_1;  1 drivers
L_0x10b4677a8 .functor BUFT 1, C4<00000>, C4<0>, C4<0>, C4<0>;
v0x7fb154e147d0 .array "reverse", 0 25;
v0x7fb154e147d0_0 .net v0x7fb154e147d0 0, 4 0, L_0x10b4677a8; 1 drivers
L_0x10b4677f0 .functor BUFT 1, C4<01001>, C4<0>, C4<0>, C4<0>;
v0x7fb154e147d0_1 .net v0x7fb154e147d0 1, 4 0, L_0x10b4677f0; 1 drivers
L_0x10b467838 .functor BUFT 1, C4<01111>, C4<0>, C4<0>, C4<0>;
v0x7fb154e147d0_2 .net v0x7fb154e147d0 2, 4 0, L_0x10b467838; 1 drivers
L_0x10b467880 .functor BUFT 1, C4<00010>, C4<0>, C4<0>, C4<0>;
v0x7fb154e147d0_3 .net v0x7fb154e147d0 3, 4 0, L_0x10b467880; 1 drivers
L_0x10b4678c8 .functor BUFT 1, C4<11001>, C4<0>, C4<0>, C4<0>;
v0x7fb154e147d0_4 .net v0x7fb154e147d0 4, 4 0, L_0x10b4678c8; 1 drivers
L_0x10b467910 .functor BUFT 1, C4<10110>, C4<0>, C4<0>, C4<0>;
v0x7fb154e147d0_5 .net v0x7fb154e147d0 5, 4 0, L_0x10b467910; 1 drivers
L_0x10b467958 .functor BUFT 1, C4<10001>, C4<0>, C4<0>, C4<0>;
v0x7fb154e147d0_6 .net v0x7fb154e147d0 6, 4 0, L_0x10b467958; 1 drivers
L_0x10b4679a0 .functor BUFT 1, C4<01011>, C4<0>, C4<0>, C4<0>;
v0x7fb154e147d0_7 .net v0x7fb154e147d0 7, 4 0, L_0x10b4679a0; 1 drivers
L_0x10b4679e8 .functor BUFT 1, C4<00101>, C4<0>, C4<0>, C4<0>;
v0x7fb154e147d0_8 .net v0x7fb154e147d0 8, 4 0, L_0x10b4679e8; 1 drivers
L_0x10b467a30 .functor BUFT 1, C4<00001>, C4<0>, C4<0>, C4<0>;
v0x7fb154e147d0_9 .net v0x7fb154e147d0 9, 4 0, L_0x10b467a30; 1 drivers
L_0x10b467a78 .functor BUFT 1, C4<00011>, C4<0>, C4<0>, C4<0>;
v0x7fb154e147d0_10 .net v0x7fb154e147d0 10, 4 0, L_0x10b467a78; 1 drivers
L_0x10b467ac0 .functor BUFT 1, C4<01010>, C4<0>, C4<0>, C4<0>;
v0x7fb154e147d0_11 .net v0x7fb154e147d0 11, 4 0, L_0x10b467ac0; 1 drivers
L_0x10b467b08 .functor BUFT 1, C4<01110>, C4<0>, C4<0>, C4<0>;
v0x7fb154e147d0_12 .net v0x7fb154e147d0 12, 4 0, L_0x10b467b08; 1 drivers
L_0x10b467b50 .functor BUFT 1, C4<10011>, C4<0>, C4<0>, C4<0>;
v0x7fb154e147d0_13 .net v0x7fb154e147d0 13, 4 0, L_0x10b467b50; 1 drivers
L_0x10b467b98 .functor BUFT 1, C4<11000>, C4<0>, C4<0>, C4<0>;
v0x7fb154e147d0_14 .net v0x7fb154e147d0 14, 4 0, L_0x10b467b98; 1 drivers
L_0x10b467be0 .functor BUFT 1, C4<10100>, C4<0>, C4<0>, C4<0>;
v0x7fb154e147d0_15 .net v0x7fb154e147d0 15, 4 0, L_0x10b467be0; 1 drivers
L_0x10b467c28 .functor BUFT 1, C4<10000>, C4<0>, C4<0>, C4<0>;
v0x7fb154e147d0_16 .net v0x7fb154e147d0 16, 4 0, L_0x10b467c28; 1 drivers
L_0x10b467c70 .functor BUFT 1, C4<00110>, C4<0>, C4<0>, C4<0>;
v0x7fb154e147d0_17 .net v0x7fb154e147d0 17, 4 0, L_0x10b467c70; 1 drivers
L_0x10b467cb8 .functor BUFT 1, C4<00100>, C4<0>, C4<0>, C4<0>;
v0x7fb154e147d0_18 .net v0x7fb154e147d0 18, 4 0, L_0x10b467cb8; 1 drivers
L_0x10b467d00 .functor BUFT 1, C4<01101>, C4<0>, C4<0>, C4<0>;
v0x7fb154e147d0_19 .net v0x7fb154e147d0 19, 4 0, L_0x10b467d00; 1 drivers
L_0x10b467d48 .functor BUFT 1, C4<00111>, C4<0>, C4<0>, C4<0>;
v0x7fb154e147d0_20 .net v0x7fb154e147d0 20, 4 0, L_0x10b467d48; 1 drivers
L_0x10b467d90 .functor BUFT 1, C4<10111>, C4<0>, C4<0>, C4<0>;
v0x7fb154e147d0_21 .net v0x7fb154e147d0 21, 4 0, L_0x10b467d90; 1 drivers
L_0x10b467dd8 .functor BUFT 1, C4<01100>, C4<0>, C4<0>, C4<0>;
v0x7fb154e147d0_22 .net v0x7fb154e147d0 22, 4 0, L_0x10b467dd8; 1 drivers
L_0x10b467e20 .functor BUFT 1, C4<01000>, C4<0>, C4<0>, C4<0>;
v0x7fb154e147d0_23 .net v0x7fb154e147d0 23, 4 0, L_0x10b467e20; 1 drivers
L_0x10b467e68 .functor BUFT 1, C4<10101>, C4<0>, C4<0>, C4<0>;
v0x7fb154e147d0_24 .net v0x7fb154e147d0 24, 4 0, L_0x10b467e68; 1 drivers
L_0x10b467eb0 .functor BUFT 1, C4<10010>, C4<0>, C4<0>, C4<0>;
v0x7fb154e147d0_25 .net v0x7fb154e147d0 25, 4 0, L_0x10b467eb0; 1 drivers
L_0x7fb154e16e70 .array/port v0x7fb154e14450, L_0x7fb154e173d0;
L_0x7fb154e16f50 .concat [ 5 27 0 0], L_0x7fb154e16700, L_0x10b467ef8;
L_0x7fb154e17110 .concat [ 5 27 0 0], v0x7fb154f010b0_1, L_0x10b467f40;
L_0x7fb154e17290 .arith/sum 32, L_0x7fb154e16f50, L_0x7fb154e17110;
L_0x7fb154e173d0 .arith/mod 32, L_0x7fb154e17290, L_0x10b467f88;
L_0x7fb154e17610 .array/port v0x7fb154e147d0, L_0x7fb154e17a00;
L_0x7fb154e176b0 .concat [ 5 27 0 0], L_0x7fb154e16700, L_0x10b467fd0;
L_0x7fb154e17790 .concat [ 5 27 0 0], v0x7fb154f010b0_1, L_0x10b468018;
L_0x7fb154e17870 .arith/sub 32, L_0x7fb154e176b0, L_0x7fb154e17790;
L_0x7fb154e17a00 .arith/mod 32, L_0x7fb154e17870, L_0x10b468060;
S_0x7fb154e14b60 .scope module, "wheel_III" "wheel_type_III" 3 15, 3 221 0, S_0x7fb154e01000;
 .timescale 0 0;
    .port_info 0 /OUTPUT 5 "char_out1"
    .port_info 1 /OUTPUT 5 "char_out2"
    .port_info 2 /INPUT 5 "char_in1"
    .port_info 3 /INPUT 5 "char_in2"
    .port_info 4 /INPUT 5 "position_in"
L_0x7fb154e18860 .functor BUFZ 5, L_0x7fb154e18170, C4<00000>, C4<00000>, C4<00000>;
L_0x7fb154e18e20 .functor BUFZ 5, L_0x7fb154e18910, C4<00000>, C4<00000>, C4<00000>;
v0x7fb154e14d90_0 .net *"_s156", 4 0, L_0x7fb154e18170;  1 drivers
v0x7fb154e14e50_0 .net *"_s158", 31 0, L_0x7fb154e18250;  1 drivers
L_0x10b468f48 .functor BUFT 1, C4<000000000000000000000000000>, C4<0>, C4<0>, C4<0>;
v0x7fb154e14f00_0 .net *"_s161", 26 0, L_0x10b468f48;  1 drivers
v0x7fb154e14fc0_0 .net *"_s162", 31 0, L_0x7fb154e18410;  1 drivers
L_0x10b468f90 .functor BUFT 1, C4<000000000000000000000000000>, C4<0>, C4<0>, C4<0>;
v0x7fb154e15070_0 .net *"_s165", 26 0, L_0x10b468f90;  1 drivers
v0x7fb154e15160_0 .net *"_s166", 31 0, L_0x7fb154e18590;  1 drivers
L_0x10b468fd8 .functor BUFT 1, C4<00000000000000000000000000011010>, C4<0>, C4<0>, C4<0>;
v0x7fb154e15210_0 .net/2u *"_s168", 31 0, L_0x10b468fd8;  1 drivers
v0x7fb154e152c0_0 .net *"_s170", 31 0, L_0x7fb154e186d0;  1 drivers
v0x7fb154e15370_0 .net *"_s174", 4 0, L_0x7fb154e18910;  1 drivers
v0x7fb154e15480_0 .net *"_s176", 31 0, L_0x7fb154e189b0;  1 drivers
L_0x10b469020 .functor BUFT 1, C4<000000000000000000000000000>, C4<0>, C4<0>, C4<0>;
v0x7fb154e15530_0 .net *"_s179", 26 0, L_0x10b469020;  1 drivers
v0x7fb154e155e0_0 .net *"_s180", 31 0, L_0x7fb154e18a90;  1 drivers
L_0x10b469068 .functor BUFT 1, C4<000000000000000000000000000>, C4<0>, C4<0>, C4<0>;
v0x7fb154e15690_0 .net *"_s183", 26 0, L_0x10b469068;  1 drivers
v0x7fb154e15740_0 .net *"_s184", 31 0, L_0x7fb154e18b70;  1 drivers
L_0x10b4690b0 .functor BUFT 1, C4<00000000000000000000000000011010>, C4<0>, C4<0>, C4<0>;
v0x7fb154e157f0_0 .net/2u *"_s186", 31 0, L_0x10b4690b0;  1 drivers
v0x7fb154e158a0_0 .net *"_s188", 31 0, L_0x7fb154e18d00;  1 drivers
v0x7fb154e15950_0 .net "char_in1", 4 0, L_0x7fb154e17560;  alias, 1 drivers
v0x7fb154e15ae0_0 .net "char_in2", 4 0, L_0x7fb154e19270;  alias, 1 drivers
v0x7fb154e15b70_0 .net "char_out1", 4 0, L_0x7fb154e18860;  alias, 1 drivers
v0x7fb154f00030_0 .net "char_out2", 4 0, L_0x7fb154e18e20;  alias, 1 drivers
L_0x10b4680a8 .functor BUFT 1, C4<00001>, C4<0>, C4<0>, C4<0>;
v0x7fb154f000f0 .array "out", 0 25;
v0x7fb154f000f0_0 .net v0x7fb154f000f0 0, 4 0, L_0x10b4680a8; 1 drivers
L_0x10b4680f0 .functor BUFT 1, C4<00011>, C4<0>, C4<0>, C4<0>;
v0x7fb154f000f0_1 .net v0x7fb154f000f0 1, 4 0, L_0x10b4680f0; 1 drivers
L_0x10b468138 .functor BUFT 1, C4<00101>, C4<0>, C4<0>, C4<0>;
v0x7fb154f000f0_2 .net v0x7fb154f000f0 2, 4 0, L_0x10b468138; 1 drivers
L_0x10b468180 .functor BUFT 1, C4<00111>, C4<0>, C4<0>, C4<0>;
v0x7fb154f000f0_3 .net v0x7fb154f000f0 3, 4 0, L_0x10b468180; 1 drivers
L_0x10b4681c8 .functor BUFT 1, C4<01001>, C4<0>, C4<0>, C4<0>;
v0x7fb154f000f0_4 .net v0x7fb154f000f0 4, 4 0, L_0x10b4681c8; 1 drivers
L_0x10b468210 .functor BUFT 1, C4<01011>, C4<0>, C4<0>, C4<0>;
v0x7fb154f000f0_5 .net v0x7fb154f000f0 5, 4 0, L_0x10b468210; 1 drivers
L_0x10b468258 .functor BUFT 1, C4<00010>, C4<0>, C4<0>, C4<0>;
v0x7fb154f000f0_6 .net v0x7fb154f000f0 6, 4 0, L_0x10b468258; 1 drivers
L_0x10b4682a0 .functor BUFT 1, C4<01111>, C4<0>, C4<0>, C4<0>;
v0x7fb154f000f0_7 .net v0x7fb154f000f0 7, 4 0, L_0x10b4682a0; 1 drivers
L_0x10b4682e8 .functor BUFT 1, C4<10001>, C4<0>, C4<0>, C4<0>;
v0x7fb154f000f0_8 .net v0x7fb154f000f0 8, 4 0, L_0x10b4682e8; 1 drivers
L_0x10b468330 .functor BUFT 1, C4<10011>, C4<0>, C4<0>, C4<0>;
v0x7fb154f000f0_9 .net v0x7fb154f000f0 9, 4 0, L_0x10b468330; 1 drivers
L_0x10b468378 .functor BUFT 1, C4<10111>, C4<0>, C4<0>, C4<0>;
v0x7fb154f000f0_10 .net v0x7fb154f000f0 10, 4 0, L_0x10b468378; 1 drivers
L_0x10b4683c0 .functor BUFT 1, C4<10101>, C4<0>, C4<0>, C4<0>;
v0x7fb154f000f0_11 .net v0x7fb154f000f0 11, 4 0, L_0x10b4683c0; 1 drivers
L_0x10b468408 .functor BUFT 1, C4<11001>, C4<0>, C4<0>, C4<0>;
v0x7fb154f000f0_12 .net v0x7fb154f000f0 12, 4 0, L_0x10b468408; 1 drivers
L_0x10b468450 .functor BUFT 1, C4<01101>, C4<0>, C4<0>, C4<0>;
v0x7fb154f000f0_13 .net v0x7fb154f000f0 13, 4 0, L_0x10b468450; 1 drivers
L_0x10b468498 .functor BUFT 1, C4<11000>, C4<0>, C4<0>, C4<0>;
v0x7fb154f000f0_14 .net v0x7fb154f000f0 14, 4 0, L_0x10b468498; 1 drivers
L_0x10b4684e0 .functor BUFT 1, C4<00100>, C4<0>, C4<0>, C4<0>;
v0x7fb154f000f0_15 .net v0x7fb154f000f0 15, 4 0, L_0x10b4684e0; 1 drivers
L_0x10b468528 .functor BUFT 1, C4<01000>, C4<0>, C4<0>, C4<0>;
v0x7fb154f000f0_16 .net v0x7fb154f000f0 16, 4 0, L_0x10b468528; 1 drivers
L_0x10b468570 .functor BUFT 1, C4<10110>, C4<0>, C4<0>, C4<0>;
v0x7fb154f000f0_17 .net v0x7fb154f000f0 17, 4 0, L_0x10b468570; 1 drivers
L_0x10b4685b8 .functor BUFT 1, C4<00110>, C4<0>, C4<0>, C4<0>;
v0x7fb154f000f0_18 .net v0x7fb154f000f0 18, 4 0, L_0x10b4685b8; 1 drivers
L_0x10b468600 .functor BUFT 1, C4<00000>, C4<0>, C4<0>, C4<0>;
v0x7fb154f000f0_19 .net v0x7fb154f000f0 19, 4 0, L_0x10b468600; 1 drivers
L_0x10b468648 .functor BUFT 1, C4<01010>, C4<0>, C4<0>, C4<0>;
v0x7fb154f000f0_20 .net v0x7fb154f000f0 20, 4 0, L_0x10b468648; 1 drivers
L_0x10b468690 .functor BUFT 1, C4<01100>, C4<0>, C4<0>, C4<0>;
v0x7fb154f000f0_21 .net v0x7fb154f000f0 21, 4 0, L_0x10b468690; 1 drivers
L_0x10b4686d8 .functor BUFT 1, C4<10100>, C4<0>, C4<0>, C4<0>;
v0x7fb154f000f0_22 .net v0x7fb154f000f0 22, 4 0, L_0x10b4686d8; 1 drivers
L_0x10b468720 .functor BUFT 1, C4<10010>, C4<0>, C4<0>, C4<0>;
v0x7fb154f000f0_23 .net v0x7fb154f000f0 23, 4 0, L_0x10b468720; 1 drivers
L_0x10b468768 .functor BUFT 1, C4<10000>, C4<0>, C4<0>, C4<0>;
v0x7fb154f000f0_24 .net v0x7fb154f000f0 24, 4 0, L_0x10b468768; 1 drivers
L_0x10b4687b0 .functor BUFT 1, C4<01110>, C4<0>, C4<0>, C4<0>;
v0x7fb154f000f0_25 .net v0x7fb154f000f0 25, 4 0, L_0x10b4687b0; 1 drivers
v0x7fb154f010b0_2 .array/port v0x7fb154f010b0, 2;
v0x7fb154f00400_0 .net "position_in", 4 0, v0x7fb154f010b0_2;  1 drivers
L_0x10b468d50 .functor BUFT 1, C4<10011>, C4<0>, C4<0>, C4<0>;
v0x7fb154f004b0 .array "reverse", 0 25;
v0x7fb154f004b0_0 .net v0x7fb154f004b0 0, 4 0, L_0x10b468d50; 1 drivers
L_0x10b4687f8 .functor BUFT 1, C4<00000>, C4<0>, C4<0>, C4<0>;
v0x7fb154f004b0_1 .net v0x7fb154f004b0 1, 4 0, L_0x10b4687f8; 1 drivers
L_0x10b4689a8 .functor BUFT 1, C4<00110>, C4<0>, C4<0>, C4<0>;
v0x7fb154f004b0_2 .net v0x7fb154f004b0 2, 4 0, L_0x10b4689a8; 1 drivers
L_0x10b468840 .functor BUFT 1, C4<00001>, C4<0>, C4<0>, C4<0>;
v0x7fb154f004b0_3 .net v0x7fb154f004b0 3, 4 0, L_0x10b468840; 1 drivers
L_0x10b468c30 .functor BUFT 1, C4<01111>, C4<0>, C4<0>, C4<0>;
v0x7fb154f004b0_4 .net v0x7fb154f004b0 4, 4 0, L_0x10b468c30; 1 drivers
L_0x10b468888 .functor BUFT 1, C4<00010>, C4<0>, C4<0>, C4<0>;
v0x7fb154f004b0_5 .net v0x7fb154f004b0 5, 4 0, L_0x10b468888; 1 drivers
L_0x10b468d08 .functor BUFT 1, C4<10010>, C4<0>, C4<0>, C4<0>;
v0x7fb154f004b0_6 .net v0x7fb154f004b0 6, 4 0, L_0x10b468d08; 1 drivers
L_0x10b4688d0 .functor BUFT 1, C4<00011>, C4<0>, C4<0>, C4<0>;
v0x7fb154f004b0_7 .net v0x7fb154f004b0 7, 4 0, L_0x10b4688d0; 1 drivers
L_0x10b468c78 .functor BUFT 1, C4<10000>, C4<0>, C4<0>, C4<0>;
v0x7fb154f004b0_8 .net v0x7fb154f004b0 8, 4 0, L_0x10b468c78; 1 drivers
L_0x10b468918 .functor BUFT 1, C4<00100>, C4<0>, C4<0>, C4<0>;
v0x7fb154f004b0_9 .net v0x7fb154f004b0 9, 4 0, L_0x10b468918; 1 drivers
L_0x10b468d98 .functor BUFT 1, C4<10100>, C4<0>, C4<0>, C4<0>;
v0x7fb154f004b0_10 .net v0x7fb154f004b0 10, 4 0, L_0x10b468d98; 1 drivers
L_0x10b468960 .functor BUFT 1, C4<00101>, C4<0>, C4<0>, C4<0>;
v0x7fb154f004b0_11 .net v0x7fb154f004b0 11, 4 0, L_0x10b468960; 1 drivers
L_0x10b468de0 .functor BUFT 1, C4<10101>, C4<0>, C4<0>, C4<0>;
v0x7fb154f004b0_12 .net v0x7fb154f004b0 12, 4 0, L_0x10b468de0; 1 drivers
L_0x10b468ba0 .functor BUFT 1, C4<01101>, C4<0>, C4<0>, C4<0>;
v0x7fb154f004b0_13 .net v0x7fb154f004b0 13, 4 0, L_0x10b468ba0; 1 drivers
L_0x10b468f00 .functor BUFT 1, C4<11001>, C4<0>, C4<0>, C4<0>;
v0x7fb154f004b0_14 .net v0x7fb154f004b0 14, 4 0, L_0x10b468f00; 1 drivers
L_0x10b4689f0 .functor BUFT 1, C4<00111>, C4<0>, C4<0>, C4<0>;
v0x7fb154f004b0_15 .net v0x7fb154f004b0 15, 4 0, L_0x10b4689f0; 1 drivers
L_0x10b468eb8 .functor BUFT 1, C4<11000>, C4<0>, C4<0>, C4<0>;
v0x7fb154f004b0_16 .net v0x7fb154f004b0 16, 4 0, L_0x10b468eb8; 1 drivers
L_0x10b468a38 .functor BUFT 1, C4<01000>, C4<0>, C4<0>, C4<0>;
v0x7fb154f004b0_17 .net v0x7fb154f004b0 17, 4 0, L_0x10b468a38; 1 drivers
L_0x10b468e70 .functor BUFT 1, C4<10111>, C4<0>, C4<0>, C4<0>;
v0x7fb154f004b0_18 .net v0x7fb154f004b0 18, 4 0, L_0x10b468e70; 1 drivers
L_0x10b468a80 .functor BUFT 1, C4<01001>, C4<0>, C4<0>, C4<0>;
v0x7fb154f004b0_19 .net v0x7fb154f004b0 19, 4 0, L_0x10b468a80; 1 drivers
L_0x10b468e28 .functor BUFT 1, C4<10110>, C4<0>, C4<0>, C4<0>;
v0x7fb154f004b0_20 .net v0x7fb154f004b0 20, 4 0, L_0x10b468e28; 1 drivers
L_0x10b468b10 .functor BUFT 1, C4<01011>, C4<0>, C4<0>, C4<0>;
v0x7fb154f004b0_21 .net v0x7fb154f004b0 21, 4 0, L_0x10b468b10; 1 drivers
L_0x10b468cc0 .functor BUFT 1, C4<10001>, C4<0>, C4<0>, C4<0>;
v0x7fb154f004b0_22 .net v0x7fb154f004b0 22, 4 0, L_0x10b468cc0; 1 drivers
L_0x10b468ac8 .functor BUFT 1, C4<01010>, C4<0>, C4<0>, C4<0>;
v0x7fb154f004b0_23 .net v0x7fb154f004b0 23, 4 0, L_0x10b468ac8; 1 drivers
L_0x10b468be8 .functor BUFT 1, C4<01110>, C4<0>, C4<0>, C4<0>;
v0x7fb154f004b0_24 .net v0x7fb154f004b0 24, 4 0, L_0x10b468be8; 1 drivers
L_0x10b468b58 .functor BUFT 1, C4<01100>, C4<0>, C4<0>, C4<0>;
v0x7fb154f004b0_25 .net v0x7fb154f004b0 25, 4 0, L_0x10b468b58; 1 drivers
L_0x7fb154e18170 .array/port v0x7fb154f000f0, L_0x7fb154e186d0;
L_0x7fb154e18250 .concat [ 5 27 0 0], L_0x7fb154e17560, L_0x10b468f48;
L_0x7fb154e18410 .concat [ 5 27 0 0], v0x7fb154f010b0_2, L_0x10b468f90;
L_0x7fb154e18590 .arith/sum 32, L_0x7fb154e18250, L_0x7fb154e18410;
L_0x7fb154e186d0 .arith/mod 32, L_0x7fb154e18590, L_0x10b468fd8;
L_0x7fb154e18910 .array/port v0x7fb154f004b0, L_0x7fb154e18d00;
L_0x7fb154e189b0 .concat [ 5 27 0 0], L_0x7fb154e17560, L_0x10b469020;
L_0x7fb154e18a90 .concat [ 5 27 0 0], v0x7fb154f010b0_2, L_0x10b469068;
L_0x7fb154e18b70 .arith/sub 32, L_0x7fb154e189b0, L_0x7fb154e18a90;
L_0x7fb154e18d00 .arith/mod 32, L_0x7fb154e18b70, L_0x10b4690b0;
    .scope S_0x7fb154e01000;
T_0 ;
    %load/vec4 v0x7fb154f00e60_0;
    %ix/load 4, 0, 0;
    %flag_set/imm 4, 0;
    %store/vec4a v0x7fb154f010b0, 4, 0;
    %end;
    .thread T_0;
    .scope S_0x7fb154e01000;
T_1 ;
    %load/vec4 v0x7fb154f00ef0_0;
    %ix/load 4, 1, 0;
    %flag_set/imm 4, 0;
    %store/vec4a v0x7fb154f010b0, 4, 0;
    %end;
    .thread T_1;
    .scope S_0x7fb154e01000;
T_2 ;
    %load/vec4 v0x7fb154f01000_0;
    %ix/load 4, 2, 0;
    %flag_set/imm 4, 0;
    %store/vec4a v0x7fb154f010b0, 4, 0;
    %end;
    .thread T_2;
    .scope S_0x7fb154e01000;
T_3 ;
    %wait E_0x7fb154e00c10;
    %load/vec4 v0x7fb154f00840_0;
    %cmpi/ne 31, 0, 5;
    %jmp/0xz  T_3.0, 4;
    %ix/load 4, 0, 0;
    %flag_set/imm 4, 0;
    %load/vec4a v0x7fb154f010b0, 4;
    %pad/u 32;
    %addi 1, 0, 32;
    %pushi/vec4 26, 0, 32;
    %mod;
    %pad/u 5;
    %ix/load 4, 0, 0;
    %flag_set/imm 4, 0;
    %store/vec4a v0x7fb154f010b0, 4, 0;
    %ix/load 4, 0, 0;
    %flag_set/imm 4, 0;
    %load/vec4a v0x7fb154f010b0, 4;
    %cmpi/e 9, 0, 5;
    %jmp/0xz  T_3.2, 4;
    %ix/load 4, 1, 0;
    %flag_set/imm 4, 0;
    %load/vec4a v0x7fb154f010b0, 4;
    %pad/u 32;
    %addi 1, 0, 32;
    %pushi/vec4 26, 0, 32;
    %mod;
    %pad/u 5;
    %ix/load 4, 1, 0;
    %flag_set/imm 4, 0;
    %store/vec4a v0x7fb154f010b0, 4, 0;
T_3.2 ;
    %ix/load 4, 1, 0;
    %flag_set/imm 4, 0;
    %load/vec4a v0x7fb154f010b0, 4;
    %cmpi/e 6, 0, 5;
    %jmp/0xz  T_3.4, 4;
    %ix/load 4, 2, 0;
    %flag_set/imm 4, 0;
    %load/vec4a v0x7fb154f010b0, 4;
    %pad/u 32;
    %addi 1, 0, 32;
    %pushi/vec4 26, 0, 32;
    %mod;
    %pad/u 5;
    %ix/load 4, 2, 0;
    %flag_set/imm 4, 0;
    %store/vec4a v0x7fb154f010b0, 4, 0;
T_3.4 ;
T_3.0 ;
    %jmp T_3;
    .thread T_3;
    .scope S_0x7fb154e00ea0;
T_4 ;
    %pushi/vec4 1, 0, 1;
    %store/vec4 v0x7fb154f01540_0, 0, 1;
    %end;
    .thread T_4;
    .scope S_0x7fb154e00ea0;
T_5 ;
    %pushi/vec4 0, 0, 5;
    %store/vec4 v0x7fb154f012e0_0, 0, 5;
    %end;
    .thread T_5;
    .scope S_0x7fb154e00ea0;
T_6 ;
    %pushi/vec4 0, 0, 1;
    %store/vec4 v0x7fb154f013d0_0, 0, 1;
    %end;
    .thread T_6;
    .scope S_0x7fb154e00ea0;
T_7 ;
    %delay 5, 0;
    %load/vec4 v0x7fb154f013d0_0;
    %nor/r;
    %store/vec4 v0x7fb154f013d0_0, 0, 1;
    %jmp T_7;
    .thread T_7;
    .scope S_0x7fb154e00ea0;
T_8 ;
    %vpi_call 2 10 "$dumpfile", "enigma.vcd" {0 0 0};
    %vpi_call 2 11 "$dumpvars", 32'sb00000000000000000000000000000000, S_0x7fb154e00ea0 {0 0 0};
    %delay 10, 0;
    %pushi/vec4 31, 0, 5;
    %store/vec4 v0x7fb154f012e0_0, 0, 5;
    %delay 10, 0;
    %pushi/vec4 1, 0, 5;
    %store/vec4 v0x7fb154f012e0_0, 0, 5;
    %delay 10, 0;
    %pushi/vec4 31, 0, 5;
    %store/vec4 v0x7fb154f012e0_0, 0, 5;
    %delay 10, 0;
    %pushi/vec4 19, 0, 5;
    %store/vec4 v0x7fb154f012e0_0, 0, 5;
    %end;
    .thread T_8;
    .scope S_0x7fb154e00ea0;
T_9 ;
    %vpi_call 2 28 "$monitor", "At time %t, input = %d, output = %d", $time, v0x7fb154f012e0_0, v0x7fb154f01470_0 {0 0 0};
    %end;
    .thread T_9;
# The file index is used to find the file name in the following table.
:file_names 4;
    "N/A";
    "<interactive>";
    "enigma_tb.v";
    "enigma.v";
